<?xml version="1.0" encoding="UTF-8"?>
<coverage generated="1684852911688" clover="3.2.0">
  <project timestamp="1684852911688" name="All files">
    <metrics statements="99" coveredstatements="92" conditionals="27" coveredconditionals="19" methods="23" coveredmethods="21" elements="149" coveredelements="132" complexity="0" loc="99" ncloc="99" packages="5" files="9" classes="9"/>
    <package name="components.Game">
      <metrics statements="4" coveredstatements="4" conditionals="2" coveredconditionals="2" methods="1" coveredmethods="1"/>
      <file name="GameOver.tsx" path="C:\Users\Sunkanmi\Desktop\react_stuff\minesweeper_game\src\components\Game\GameOver.tsx">
        <metrics statements="4" coveredstatements="4" conditionals="2" coveredconditionals="2" methods="1" coveredmethods="1"/>
        <line num="2" count="1" type="stmt"/>
        <line num="11" count="1" type="stmt"/>
        <line num="12" count="2" type="stmt"/>
        <line num="24" count="1" type="stmt"/>
      </file>
    </package>
    <package name="components.Grid">
      <metrics statements="33" coveredstatements="27" conditionals="12" coveredconditionals="4" methods="7" coveredmethods="6"/>
      <file name="Cell.tsx" path="C:\Users\Sunkanmi\Desktop\react_stuff\minesweeper_game\src\components\Grid\Cell.tsx">
        <metrics statements="33" coveredstatements="27" conditionals="12" coveredconditionals="4" methods="7" coveredmethods="6"/>
        <line num="2" count="1" type="stmt"/>
        <line num="3" count="1" type="stmt"/>
        <line num="5" count="1" type="stmt"/>
        <line num="27" count="1" type="stmt"/>
        <line num="28" count="3" type="stmt"/>
        <line num="30" count="1" type="stmt"/>
        <line num="32" count="3" type="stmt"/>
        <line num="33" count="3" type="stmt"/>
        <line num="35" count="3" type="stmt"/>
        <line num="39" count="2" type="stmt"/>
        <line num="41" count="2" type="cond" truecount="1" falsecount="0"/>
        <line num="42" count="2" type="stmt"/>
        <line num="46" count="3" type="stmt"/>
        <line num="57" count="3" type="stmt"/>
        <line num="73" count="1" type="stmt"/>
        <line num="75" count="3" type="stmt"/>
        <line num="81" count="3" type="cond" truecount="1" falsecount="5"/>
        <line num="83" count="0" type="stmt"/>
        <line num="85" count="0" type="stmt"/>
        <line num="91" count="0" type="stmt"/>
        <line num="93" count="0" type="stmt"/>
        <line num="99" count="3" type="stmt"/>
        <line num="105" count="0" type="stmt"/>
        <line num="113" count="1" type="stmt"/>
        <line num="125" count="4" type="cond" truecount="2" falsecount="0"/>
        <line num="131" count="1" type="stmt"/>
        <line num="132" count="1" type="stmt"/>
        <line num="147" count="1" type="stmt"/>
        <line num="150" count="0" type="cond" truecount="0" falsecount="2"/>
        <line num="155" count="1" type="stmt"/>
        <line num="161" count="1" type="stmt"/>
        <line num="164" count="1" type="stmt"/>
        <line num="172" count="1" type="stmt"/>
      </file>
    </package>
    <package name="components.Scoreboard">
      <metrics statements="23" coveredstatements="23" conditionals="2" coveredconditionals="2" methods="5" coveredmethods="5"/>
      <file name="Counter.tsx" path="C:\Users\Sunkanmi\Desktop\react_stuff\minesweeper_game\src\components\Scoreboard\Counter.tsx">
        <metrics statements="4" coveredstatements="4" conditionals="0" coveredconditionals="0" methods="1" coveredmethods="1"/>
        <line num="2" count="1" type="stmt"/>
        <line num="11" count="1" type="stmt"/>
        <line num="12" count="4" type="stmt"/>
        <line num="15" count="1" type="stmt"/>
      </file>
      <file name="Level.tsx" path="C:\Users\Sunkanmi\Desktop\react_stuff\minesweeper_game\src\components\Scoreboard\Level.tsx">
        <metrics statements="6" coveredstatements="6" conditionals="0" coveredconditionals="0" methods="2" coveredmethods="2"/>
        <line num="2" count="2" type="stmt"/>
        <line num="15" count="2" type="stmt"/>
        <line num="16" count="4" type="stmt"/>
        <line num="18" count="12" type="stmt"/>
        <line num="25" count="2" type="stmt"/>
        <line num="34" count="2" type="stmt"/>
      </file>
      <file name="Reset.tsx" path="C:\Users\Sunkanmi\Desktop\react_stuff\minesweeper_game\src\components\Scoreboard\Reset.tsx">
        <metrics statements="6" coveredstatements="6" conditionals="2" coveredconditionals="2" methods="1" coveredmethods="1"/>
        <line num="2" count="2" type="stmt"/>
        <line num="4" count="2" type="stmt"/>
        <line num="13" count="2" type="stmt"/>
        <line num="14" count="10" type="stmt"/>
        <line num="16" count="10" type="stmt"/>
        <line num="28" count="2" type="stmt"/>
      </file>
      <file name="Scoreboard.tsx" path="C:\Users\Sunkanmi\Desktop\react_stuff\minesweeper_game\src\components\Scoreboard\Scoreboard.tsx">
        <metrics statements="7" coveredstatements="7" conditionals="0" coveredconditionals="0" methods="1" coveredmethods="1"/>
        <line num="2" count="1" type="stmt"/>
        <line num="4" count="1" type="stmt"/>
        <line num="5" count="1" type="stmt"/>
        <line num="6" count="1" type="stmt"/>
        <line num="31" count="1" type="stmt"/>
        <line num="38" count="2" type="stmt"/>
        <line num="48" count="1" type="stmt"/>
      </file>
    </package>
    <package name="helpers">
      <metrics statements="31" coveredstatements="31" conditionals="11" coveredconditionals="11" methods="6" coveredmethods="6"/>
      <file name="CellManipulator.ts" path="C:\Users\Sunkanmi\Desktop\react_stuff\minesweeper_game\src\helpers\CellManipulator.ts">
        <metrics statements="13" coveredstatements="13" conditionals="6" coveredconditionals="6" methods="3" coveredmethods="3"/>
        <line num="3" count="3" type="stmt"/>
        <line num="6" count="41" type="stmt"/>
        <line num="17" count="3" type="stmt"/>
        <line num="18" count="319" type="cond" truecount="4" falsecount="0"/>
        <line num="20" count="3" type="stmt"/>
        <line num="21" count="39" type="stmt"/>
        <line num="23" count="39" type="stmt"/>
        <line num="24" count="312" type="cond" truecount="1" falsecount="0"/>
        <line num="25" count="229" type="stmt"/>
        <line num="26" count="229" type="stmt"/>
        <line num="27" count="229" type="cond" truecount="1" falsecount="0"/>
        <line num="28" count="199" type="stmt"/>
        <line num="33" count="39" type="stmt"/>
      </file>
      <file name="Field.ts" path="C:\Users\Sunkanmi\Desktop\react_stuff\minesweeper_game\src\helpers\Field.ts">
        <metrics statements="18" coveredstatements="18" conditionals="5" coveredconditionals="5" methods="3" coveredmethods="3"/>
        <line num="1" count="3" type="stmt"/>
        <line num="7" count="3" type="stmt"/>
        <line num="15" count="3" type="stmt"/>
        <line num="18" count="34" type="stmt"/>
        <line num="21" count="3" type="stmt"/>
        <line num="22" count="8" type="cond" truecount="3" falsecount="0"/>
        <line num="23" count="2" type="stmt"/>
        <line num="26" count="6" type="stmt"/>
        <line num="27" count="6" type="stmt"/>
        <line num="29" count="6" type="stmt"/>
        <line num="31" count="6" type="stmt"/>
        <line num="32" count="26" type="stmt"/>
        <line num="34" count="210" type="cond" truecount="1" falsecount="0"/>
        <line num="35" count="32" type="stmt"/>
        <line num="36" count="32" type="stmt"/>
        <line num="37" count="32" type="stmt"/>
        <line num="40" count="210" type="stmt"/>
        <line num="44" count="6" type="stmt"/>
      </file>
    </package>
    <package name="hooks">
      <metrics statements="8" coveredstatements="7" conditionals="0" coveredconditionals="0" methods="4" coveredmethods="3"/>
      <file name="useMouseDown.ts" path="C:\Users\Sunkanmi\Desktop\react_stuff\minesweeper_game\src\hooks\useMouseDown.ts">
        <metrics statements="8" coveredstatements="7" conditionals="0" coveredconditionals="0" methods="4" coveredmethods="3"/>
        <line num="1" count="4" type="stmt"/>
        <line num="6" count="4" type="stmt"/>
        <line num="11" count="17" type="stmt"/>
        <line num="13" count="17" type="stmt"/>
        <line num="15" count="0" type="stmt"/>
        <line num="18" count="17" type="stmt"/>
        <line num="19" count="17" type="stmt"/>
        <line num="21" count="17" type="stmt"/>
      </file>
    </package>
  </project>
</coverage>
