<?xml version="1.0" encoding="UTF-8"?>
<coverage generated="1684147245572" clover="3.2.0">
  <project timestamp="1684147245572" name="All files">
    <metrics statements="33" coveredstatements="33" conditionals="12" coveredconditionals="12" methods="6" coveredmethods="6" elements="51" coveredelements="51" complexity="0" loc="33" ncloc="33" packages="1" files="2" classes="2"/>
    <file name="CellManipulator.ts" path="C:\Users\Sunkanmi\Desktop\react_stuff\minesweeper_game\src\helpers\CellManipulator.ts">
      <metrics statements="13" coveredstatements="13" conditionals="6" coveredconditionals="6" methods="3" coveredmethods="3"/>
      <line num="3" count="2" type="stmt"/>
      <line num="6" count="41" type="stmt"/>
      <line num="17" count="2" type="stmt"/>
      <line num="18" count="319" type="cond" truecount="4" falsecount="0"/>
      <line num="20" count="2" type="stmt"/>
      <line num="21" count="39" type="stmt"/>
      <line num="23" count="39" type="stmt"/>
      <line num="24" count="312" type="cond" truecount="1" falsecount="0"/>
      <line num="25" count="241" type="stmt"/>
      <line num="26" count="241" type="stmt"/>
      <line num="27" count="241" type="cond" truecount="1" falsecount="0"/>
      <line num="28" count="204" type="stmt"/>
      <line num="33" count="39" type="stmt"/>
    </file>
    <file name="Field.ts" path="C:\Users\Sunkanmi\Desktop\react_stuff\minesweeper_game\src\helpers\Field.ts">
      <metrics statements="20" coveredstatements="20" conditionals="6" coveredconditionals="6" methods="3" coveredmethods="3"/>
      <line num="1" count="2" type="stmt"/>
      <line num="7" count="2" type="stmt"/>
      <line num="15" count="2" type="stmt"/>
      <line num="18" count="34" type="stmt"/>
      <line num="21" count="2" type="stmt"/>
      <line num="22" count="8" type="cond" truecount="3" falsecount="0"/>
      <line num="23" count="2" type="stmt"/>
      <line num="26" count="6" type="stmt"/>
      <line num="27" count="6" type="stmt"/>
      <line num="29" count="6" type="stmt"/>
      <line num="31" count="6" type="stmt"/>
      <line num="32" count="17" type="stmt"/>
      <line num="33" count="109" type="cond" truecount="1" falsecount="0"/>
      <line num="34" count="3" type="stmt"/>
      <line num="37" count="106" type="cond" truecount="1" falsecount="0"/>
      <line num="38" count="32" type="stmt"/>
      <line num="39" count="32" type="stmt"/>
      <line num="40" count="32" type="stmt"/>
      <line num="43" count="106" type="stmt"/>
      <line num="47" count="3" type="stmt"/>
    </file>
  </project>
</coverage>
