{"C:\\Users\\Sunkanmi\\Desktop\\react_stuff\\minesweeper_game\\src\\components\\Grid\\Cell.tsx": {"path":"C:\\Users\\Sunkanmi\\Desktop\\react_stuff\\minesweeper_game\\src\\components\\Grid\\Cell.tsx","statementMap":{"0":{"start":{"line":2,"column":0},"end":{"line":2,"column":37}},"1":{"start":{"line":3,"column":0},"end":{"line":3,"column":74}},"2":{"start":{"line":5,"column":0},"end":{"line":5,"column":56}},"3":{"start":{"line":27,"column":28},"end":{"line":28,"column":71}},"4":{"start":{"line":28,"column":2},"end":{"line":28,"column":71}},"5":{"start":{"line":27,"column":13},"end":{"line":27,"column":28}},"6":{"start":{"line":30,"column":35},"end":{"line":57,"column":1}},"7":{"start":{"line":32,"column":46},"end":{"line":32,"column":60}},"8":{"start":{"line":33,"column":18},"end":{"line":33,"column":44}},"9":{"start":{"line":33,"column":24},"end":{"line":33,"column":44}},"10":{"start":{"line":35,"column":24},"end":{"line":44,"column":3}},"11":{"start":{"line":39,"column":4},"end":{"line":39,"column":26}},"12":{"start":{"line":41,"column":4},"end":{"line":43,"column":null}},"13":{"start":{"line":42,"column":6},"end":{"line":42,"column":33}},"14":{"start":{"line":46,"column":16},"end":{"line":54,"column":4}},"15":{"start":{"line":56,"column":2},"end":{"line":56,"column":62}},"16":{"start":{"line":30,"column":13},"end":{"line":30,"column":35}},"17":{"start":{"line":71,"column":46},"end":{"line":104,"column":1}},"18":{"start":{"line":73,"column":29},"end":{"line":76,"column":4}},"19":{"start":{"line":78,"column":2},"end":{"line":103,"column":null}},"20":{"start":{"line":80,"column":6},"end":{"line":80,"column":55}},"21":{"start":{"line":82,"column":6},"end":{"line":86,"column":8}},"22":{"start":{"line":88,"column":6},"end":{"line":88,"column":39}},"23":{"start":{"line":90,"column":6},"end":{"line":94,"column":8}},"24":{"start":{"line":96,"column":6},"end":{"line":100,"column":8}},"25":{"start":{"line":102,"column":6},"end":{"line":102,"column":79}},"26":{"start":{"line":110,"column":20},"end":{"line":125,"column":2}},"27":{"start":{"line":121,"column":4},"end":{"line":121,"column":61}},"28":{"start":{"line":127,"column":20},"end":{"line":127,"column":35}},"29":{"start":{"line":128,"column":46},"end":{"line":142,"column":2}},"30":{"start":{"line":143,"column":22},"end":{"line":150,"column":2}},"31":{"start":{"line":146,"column":29},"end":{"line":146,"column":72}},"32":{"start":{"line":151,"column":13},"end":{"line":156,"column":2}},"33":{"start":{"line":157,"column":18},"end":{"line":159,"column":2}},"34":{"start":{"line":160,"column":13},"end":{"line":166,"column":2}},"35":{"start":{"line":167,"column":17},"end":{"line":169,"column":2}}},"fnMap":{"0":{"name":"(anonymous_0)","decl":{"start":{"line":27,"column":28},"end":{"line":27,"column":29}},"loc":{"start":{"line":28,"column":2},"end":{"line":28,"column":71}}},"1":{"name":"(anonymous_1)","decl":{"start":{"line":30,"column":35},"end":{"line":30,"column":36}},"loc":{"start":{"line":30,"column":69},"end":{"line":57,"column":1}}},"2":{"name":"(anonymous_2)","decl":{"start":{"line":33,"column":18},"end":{"line":33,"column":21}},"loc":{"start":{"line":33,"column":24},"end":{"line":33,"column":44}}},"3":{"name":"(anonymous_3)","decl":{"start":{"line":35,"column":24},"end":{"line":35,"column":25}},"loc":{"start":{"line":35,"column":64},"end":{"line":44,"column":3}}},"4":{"name":"(anonymous_4)","decl":{"start":{"line":71,"column":46},"end":{"line":71,"column":47}},"loc":{"start":{"line":71,"column":72},"end":{"line":104,"column":1}}},"5":{"name":"(anonymous_5)","decl":{"start":{"line":120,"column":20},"end":{"line":120,"column":21}},"loc":{"start":{"line":121,"column":4},"end":{"line":121,"column":61}}},"6":{"name":"(anonymous_6)","decl":{"start":{"line":146,"column":11},"end":{"line":146,"column":12}},"loc":{"start":{"line":146,"column":29},"end":{"line":146,"column":72}}}},"branchMap":{"0":{"loc":{"start":{"line":41,"column":4},"end":{"line":43,"column":null}},"type":"if","locations":[{"start":{"line":41,"column":4},"end":{"line":43,"column":null}}]},"1":{"loc":{"start":{"line":78,"column":2},"end":{"line":103,"column":null}},"type":"switch","locations":[{"start":{"line":79,"column":4},"end":{"line":80,"column":55}},{"start":{"line":81,"column":4},"end":{"line":86,"column":8}},{"start":{"line":87,"column":4},"end":{"line":88,"column":39}},{"start":{"line":89,"column":4},"end":{"line":94,"column":8}},{"start":{"line":95,"column":4},"end":{"line":100,"column":8}},{"start":{"line":101,"column":4},"end":{"line":102,"column":79}}]},"2":{"loc":{"start":{"line":120,"column":23},"end":{"line":120,"column":40}},"type":"default-arg","locations":[{"start":{"line":120,"column":35},"end":{"line":120,"column":40}}]},"3":{"loc":{"start":{"line":121,"column":4},"end":{"line":121,"column":61}},"type":"cond-expr","locations":[{"start":{"line":121,"column":16},"end":{"line":121,"column":29}},{"start":{"line":121,"column":32},"end":{"line":121,"column":61}}]},"4":{"loc":{"start":{"line":146,"column":29},"end":{"line":146,"column":72}},"type":"binary-expr","locations":[{"start":{"line":146,"column":29},"end":{"line":146,"column":57}},{"start":{"line":146,"column":61},"end":{"line":146,"column":72}}]}},"s":{"0":1,"1":1,"2":1,"3":1,"4":3,"5":1,"6":1,"7":2,"8":2,"9":1,"10":2,"11":2,"12":2,"13":2,"14":2,"15":2,"16":1,"17":1,"18":2,"19":2,"20":0,"21":0,"22":0,"23":0,"24":2,"25":0,"26":1,"27":2,"28":1,"29":1,"30":1,"31":0,"32":1,"33":1,"34":1,"35":1},"f":{"0":3,"1":2,"2":1,"3":2,"4":2,"5":2,"6":0},"b":{"0":[2],"1":[0,0,0,0,2,0],"2":[0],"3":[0,2],"4":[0,0]}}
,"C:\\Users\\Sunkanmi\\Desktop\\react_stuff\\minesweeper_game\\src\\components\\Scoreboard\\Reset.tsx": {"path":"C:\\Users\\Sunkanmi\\Desktop\\react_stuff\\minesweeper_game\\src\\components\\Scoreboard\\Reset.tsx","statementMap":{"0":{"start":{"line":2,"column":0},"end":{"line":2,"column":37}},"1":{"start":{"line":4,"column":0},"end":{"line":4,"column":56}},"2":{"start":{"line":13,"column":37},"end":{"line":26,"column":1}},"3":{"start":{"line":14,"column":46},"end":{"line":14,"column":60}},"4":{"start":{"line":16,"column":2},"end":{"line":25,"column":4}},"5":{"start":{"line":13,"column":13},"end":{"line":13,"column":37}},"6":{"start":{"line":28,"column":15},"end":{"line":36,"column":2}}},"fnMap":{"0":{"name":"(anonymous_0)","decl":{"start":{"line":13,"column":37},"end":{"line":13,"column":38}},"loc":{"start":{"line":13,"column":53},"end":{"line":26,"column":1}}}},"branchMap":{"0":{"loc":{"start":{"line":23,"column":7},"end":{"line":23,"column":30}},"type":"cond-expr","locations":[{"start":{"line":23,"column":19},"end":{"line":23,"column":23}},{"start":{"line":23,"column":26},"end":{"line":23,"column":30}}]}},"s":{"0":1,"1":1,"2":1,"3":8,"4":8,"5":1,"6":1},"f":{"0":8},"b":{"0":[2,6]}}
,"C:\\Users\\Sunkanmi\\Desktop\\react_stuff\\minesweeper_game\\src\\helpers\\CellManipulator.ts": {"path":"C:\\Users\\Sunkanmi\\Desktop\\react_stuff\\minesweeper_game\\src\\helpers\\CellManipulator.ts","statementMap":{"0":{"start":{"line":3,"column":33},"end":{"line":15,"column":2}},"1":{"start":{"line":6,"column":6},"end":{"line":15,"column":2}},"2":{"start":{"line":3,"column":13},"end":{"line":3,"column":33}},"3":{"start":{"line":17,"column":32},"end":{"line":18,"column":54}},"4":{"start":{"line":18,"column":2},"end":{"line":18,"column":54}},"5":{"start":{"line":17,"column":13},"end":{"line":17,"column":32}},"6":{"start":{"line":20,"column":33},"end":{"line":34,"column":1}},"7":{"start":{"line":21,"column":18},"end":{"line":21,"column":43}},"8":{"start":{"line":23,"column":4},"end":{"line":31,"column":null}},"9":{"start":{"line":24,"column":6},"end":{"line":30,"column":null}},"10":{"start":{"line":25,"column":23},"end":{"line":25,"column":27}},"11":{"start":{"line":26,"column":21},"end":{"line":26,"column":32}},"12":{"start":{"line":27,"column":8},"end":{"line":29,"column":null}},"13":{"start":{"line":28,"column":10},"end":{"line":28,"column":43}},"14":{"start":{"line":33,"column":4},"end":{"line":33,"column":17}},"15":{"start":{"line":20,"column":13},"end":{"line":20,"column":33}}},"fnMap":{"0":{"name":"(anonymous_0)","decl":{"start":{"line":3,"column":33},"end":{"line":3,"column":34}},"loc":{"start":{"line":6,"column":6},"end":{"line":15,"column":2}}},"1":{"name":"(anonymous_1)","decl":{"start":{"line":17,"column":32},"end":{"line":17,"column":33}},"loc":{"start":{"line":18,"column":2},"end":{"line":18,"column":54}}},"2":{"name":"(anonymous_2)","decl":{"start":{"line":20,"column":33},"end":{"line":20,"column":34}},"loc":{"start":{"line":20,"column":73},"end":{"line":34,"column":1}}}},"branchMap":{"0":{"loc":{"start":{"line":18,"column":2},"end":{"line":18,"column":54}},"type":"binary-expr","locations":[{"start":{"line":18,"column":2},"end":{"line":18,"column":8}},{"start":{"line":18,"column":12},"end":{"line":18,"column":18}},{"start":{"line":18,"column":22},"end":{"line":18,"column":36}},{"start":{"line":18,"column":40},"end":{"line":18,"column":54}}]},"1":{"loc":{"start":{"line":24,"column":6},"end":{"line":30,"column":null}},"type":"if","locations":[{"start":{"line":24,"column":6},"end":{"line":30,"column":null}}]},"2":{"loc":{"start":{"line":27,"column":8},"end":{"line":29,"column":null}},"type":"if","locations":[{"start":{"line":27,"column":8},"end":{"line":29,"column":null}}]}},"s":{"0":3,"1":41,"2":3,"3":3,"4":319,"5":3,"6":3,"7":39,"8":39,"9":312,"10":222,"11":222,"12":222,"13":194,"14":39,"15":3},"f":{"0":41,"1":319,"2":39},"b":{"0":[319,288,266,244],"1":[222],"2":[194]}}
,"C:\\Users\\Sunkanmi\\Desktop\\react_stuff\\minesweeper_game\\src\\helpers\\Field.ts": {"path":"C:\\Users\\Sunkanmi\\Desktop\\react_stuff\\minesweeper_game\\src\\helpers\\Field.ts","statementMap":{"0":{"start":{"line":1,"column":0},"end":{"line":1,"column":54}},"1":{"start":{"line":7,"column":13},"end":{"line":13,"column":null}},"2":{"start":{"line":15,"column":35},"end":{"line":18,"column":78}},"3":{"start":{"line":18,"column":12},"end":{"line":18,"column":78}},"4":{"start":{"line":18,"column":50},"end":{"line":18,"column":77}},"5":{"start":{"line":15,"column":13},"end":{"line":15,"column":35}},"6":{"start":{"line":21,"column":30},"end":{"line":48,"column":1}},"7":{"start":{"line":22,"column":4},"end":{"line":24,"column":null}},"8":{"start":{"line":23,"column":8},"end":{"line":23,"column":null}},"9":{"start":{"line":26,"column":27},"end":{"line":26,"column":38}},"10":{"start":{"line":27,"column":25},"end":{"line":27,"column":55}},"11":{"start":{"line":29,"column":26},"end":{"line":29,"column":51}},"12":{"start":{"line":31,"column":4},"end":{"line":45,"column":null}},"13":{"start":{"line":31,"column":15},"end":{"line":31,"column":16}},"14":{"start":{"line":32,"column":8},"end":{"line":44,"column":null}},"15":{"start":{"line":32,"column":19},"end":{"line":32,"column":20}},"16":{"start":{"line":33,"column":12},"end":{"line":35,"column":14}},"17":{"start":{"line":34,"column":16},"end":{"line":34,"column":30}},"18":{"start":{"line":37,"column":12},"end":{"line":41,"column":null}},"19":{"start":{"line":38,"column":16},"end":{"line":38,"column":46}},"20":{"start":{"line":39,"column":16},"end":{"line":39,"column":null}},"21":{"start":{"line":40,"column":16},"end":{"line":40,"column":33}},"22":{"start":{"line":43,"column":12},"end":{"line":43,"column":31}},"23":{"start":{"line":47,"column":4},"end":{"line":47,"column":18}},"24":{"start":{"line":21,"column":13},"end":{"line":21,"column":30}}},"fnMap":{"0":{"name":"(anonymous_0)","decl":{"start":{"line":15,"column":35},"end":{"line":15,"column":null}},"loc":{"start":{"line":18,"column":12},"end":{"line":18,"column":78}}},"1":{"name":"(anonymous_1)","decl":{"start":{"line":18,"column":44},"end":{"line":18,"column":47}},"loc":{"start":{"line":18,"column":50},"end":{"line":18,"column":77}}},"2":{"name":"(anonymous_2)","decl":{"start":{"line":21,"column":30},"end":{"line":21,"column":31}},"loc":{"start":{"line":21,"column":75},"end":{"line":48,"column":1}}}},"branchMap":{"0":{"loc":{"start":{"line":17,"column":4},"end":{"line":17,"column":33}},"type":"default-arg","locations":[{"start":{"line":17,"column":18},"end":{"line":17,"column":33}}]},"1":{"loc":{"start":{"line":22,"column":4},"end":{"line":24,"column":null}},"type":"if","locations":[{"start":{"line":22,"column":4},"end":{"line":24,"column":null}}]},"2":{"loc":{"start":{"line":22,"column":8},"end":{"line":22,"column":42}},"type":"binary-expr","locations":[{"start":{"line":22,"column":8},"end":{"line":22,"column":23}},{"start":{"line":22,"column":27},"end":{"line":22,"column":42}}]},"3":{"loc":{"start":{"line":33,"column":12},"end":{"line":35,"column":14}},"type":"if","locations":[{"start":{"line":33,"column":12},"end":{"line":35,"column":14}}]},"4":{"loc":{"start":{"line":37,"column":12},"end":{"line":41,"column":null}},"type":"if","locations":[{"start":{"line":37,"column":12},"end":{"line":41,"column":null}}]}},"s":{"0":3,"1":3,"2":3,"3":9,"4":34,"5":3,"6":3,"7":8,"8":2,"9":6,"10":6,"11":6,"12":6,"13":6,"14":17,"15":17,"16":111,"17":3,"18":108,"19":32,"20":32,"21":32,"22":108,"23":3,"24":3},"f":{"0":9,"1":34,"2":8},"b":{"0":[8],"1":[2],"2":[8,7],"3":[3],"4":[32]}}
,"C:\\Users\\Sunkanmi\\Desktop\\react_stuff\\minesweeper_game\\src\\hooks\\useMouseDown.ts": {"path":"C:\\Users\\Sunkanmi\\Desktop\\react_stuff\\minesweeper_game\\src\\hooks\\useMouseDown.ts","statementMap":{"0":{"start":{"line":1,"column":0},"end":{"line":1,"column":48}},"1":{"start":{"line":6,"column":28},"end":{"line":22,"column":1}},"2":{"start":{"line":11,"column":36},"end":{"line":11,"column":51}},"3":{"start":{"line":13,"column":2},"end":{"line":16,"column":null}},"4":{"start":{"line":15,"column":13},"end":{"line":15,"column":49}},"5":{"start":{"line":18,"column":22},"end":{"line":18,"column":46}},"6":{"start":{"line":18,"column":28},"end":{"line":18,"column":46}},"7":{"start":{"line":19,"column":20},"end":{"line":19,"column":45}},"8":{"start":{"line":19,"column":26},"end":{"line":19,"column":45}},"9":{"start":{"line":21,"column":2},"end":{"line":21,"column":45}},"10":{"start":{"line":6,"column":13},"end":{"line":6,"column":28}}},"fnMap":{"0":{"name":"(anonymous_0)","decl":{"start":{"line":6,"column":28},"end":{"line":6,"column":null}},"loc":{"start":{"line":10,"column":4},"end":{"line":22,"column":1}}},"1":{"name":"(anonymous_1)","decl":{"start":{"line":15,"column":4},"end":{"line":15,"column":5}},"loc":{"start":{"line":15,"column":13},"end":{"line":15,"column":49}}},"2":{"name":"(anonymous_2)","decl":{"start":{"line":18,"column":22},"end":{"line":18,"column":25}},"loc":{"start":{"line":18,"column":28},"end":{"line":18,"column":46}}},"3":{"name":"(anonymous_3)","decl":{"start":{"line":19,"column":20},"end":{"line":19,"column":23}},"loc":{"start":{"line":19,"column":26},"end":{"line":19,"column":45}}}},"branchMap":{},"s":{"0":3,"1":3,"2":14,"3":14,"4":0,"5":14,"6":4,"7":14,"8":3,"9":14,"10":3},"f":{"0":14,"1":0,"2":4,"3":3},"b":{}}
}
