{"C:\\Users\\Sunkanmi\\Desktop\\react_stuff\\minesweeper_game\\src\\components\\Game\\GameOver.tsx": {"path":"C:\\Users\\Sunkanmi\\Desktop\\react_stuff\\minesweeper_game\\src\\components\\Game\\GameOver.tsx","statementMap":{"0":{"start":{"line":2,"column":0},"end":{"line":2,"column":37}},"1":{"start":{"line":11,"column":43},"end":{"line":14,"column":null}},"2":{"start":{"line":12,"column":2},"end":{"line":13,"column":null}},"3":{"start":{"line":11,"column":13},"end":{"line":11,"column":43}},"4":{"start":{"line":24,"column":14},"end":{"line":41,"column":2}}},"fnMap":{"0":{"name":"(anonymous_0)","decl":{"start":{"line":11,"column":43},"end":{"line":11,"column":44}},"loc":{"start":{"line":12,"column":2},"end":{"line":13,"column":null}}}},"branchMap":{"0":{"loc":{"start":{"line":13,"column":5},"end":{"line":13,"column":24}},"type":"cond-expr","locations":[{"start":{"line":13,"column":13},"end":{"line":13,"column":17}},{"start":{"line":13,"column":20},"end":{"line":13,"column":24}}]}},"s":{"0":1,"1":1,"2":2,"3":1,"4":1},"f":{"0":2},"b":{"0":[1,1]}}
,"C:\\Users\\Sunkanmi\\Desktop\\react_stuff\\minesweeper_game\\src\\components\\Grid\\Cell.tsx": {"path":"C:\\Users\\Sunkanmi\\Desktop\\react_stuff\\minesweeper_game\\src\\components\\Grid\\Cell.tsx","statementMap":{"0":{"start":{"line":2,"column":0},"end":{"line":2,"column":37}},"1":{"start":{"line":3,"column":0},"end":{"line":3,"column":74}},"2":{"start":{"line":5,"column":0},"end":{"line":5,"column":56}},"3":{"start":{"line":27,"column":28},"end":{"line":28,"column":71}},"4":{"start":{"line":28,"column":2},"end":{"line":28,"column":71}},"5":{"start":{"line":27,"column":13},"end":{"line":27,"column":28}},"6":{"start":{"line":30,"column":35},"end":{"line":58,"column":1}},"7":{"start":{"line":32,"column":46},"end":{"line":32,"column":60}},"8":{"start":{"line":33,"column":18},"end":{"line":33,"column":44}},"9":{"start":{"line":33,"column":24},"end":{"line":33,"column":44}},"10":{"start":{"line":35,"column":24},"end":{"line":44,"column":3}},"11":{"start":{"line":39,"column":4},"end":{"line":39,"column":26}},"12":{"start":{"line":41,"column":4},"end":{"line":43,"column":null}},"13":{"start":{"line":42,"column":6},"end":{"line":42,"column":33}},"14":{"start":{"line":46,"column":16},"end":{"line":55,"column":4}},"15":{"start":{"line":57,"column":2},"end":{"line":57,"column":62}},"16":{"start":{"line":30,"column":13},"end":{"line":30,"column":35}},"17":{"start":{"line":73,"column":46},"end":{"line":107,"column":1}},"18":{"start":{"line":75,"column":29},"end":{"line":79,"column":4}},"19":{"start":{"line":81,"column":2},"end":{"line":106,"column":null}},"20":{"start":{"line":83,"column":6},"end":{"line":83,"column":55}},"21":{"start":{"line":85,"column":6},"end":{"line":89,"column":8}},"22":{"start":{"line":91,"column":6},"end":{"line":91,"column":62}},"23":{"start":{"line":93,"column":6},"end":{"line":97,"column":8}},"24":{"start":{"line":99,"column":6},"end":{"line":103,"column":8}},"25":{"start":{"line":105,"column":6},"end":{"line":105,"column":79}},"26":{"start":{"line":113,"column":13},"end":{"line":129,"column":2}},"27":{"start":{"line":125,"column":4},"end":{"line":125,"column":61}},"28":{"start":{"line":131,"column":20},"end":{"line":131,"column":35}},"29":{"start":{"line":132,"column":46},"end":{"line":146,"column":2}},"30":{"start":{"line":147,"column":22},"end":{"line":154,"column":2}},"31":{"start":{"line":150,"column":29},"end":{"line":150,"column":72}},"32":{"start":{"line":155,"column":13},"end":{"line":160,"column":2}},"33":{"start":{"line":161,"column":18},"end":{"line":163,"column":2}},"34":{"start":{"line":164,"column":13},"end":{"line":171,"column":2}},"35":{"start":{"line":172,"column":17},"end":{"line":174,"column":2}}},"fnMap":{"0":{"name":"(anonymous_0)","decl":{"start":{"line":27,"column":28},"end":{"line":27,"column":29}},"loc":{"start":{"line":28,"column":2},"end":{"line":28,"column":71}}},"1":{"name":"(anonymous_1)","decl":{"start":{"line":30,"column":35},"end":{"line":30,"column":36}},"loc":{"start":{"line":30,"column":69},"end":{"line":58,"column":1}}},"2":{"name":"(anonymous_2)","decl":{"start":{"line":33,"column":18},"end":{"line":33,"column":21}},"loc":{"start":{"line":33,"column":24},"end":{"line":33,"column":44}}},"3":{"name":"(anonymous_3)","decl":{"start":{"line":35,"column":24},"end":{"line":35,"column":25}},"loc":{"start":{"line":35,"column":64},"end":{"line":44,"column":3}}},"4":{"name":"(anonymous_4)","decl":{"start":{"line":73,"column":46},"end":{"line":73,"column":47}},"loc":{"start":{"line":73,"column":72},"end":{"line":107,"column":1}}},"5":{"name":"(anonymous_5)","decl":{"start":{"line":124,"column":20},"end":{"line":124,"column":21}},"loc":{"start":{"line":125,"column":4},"end":{"line":125,"column":61}}},"6":{"name":"(anonymous_6)","decl":{"start":{"line":150,"column":11},"end":{"line":150,"column":12}},"loc":{"start":{"line":150,"column":29},"end":{"line":150,"column":72}}}},"branchMap":{"0":{"loc":{"start":{"line":41,"column":4},"end":{"line":43,"column":null}},"type":"if","locations":[{"start":{"line":41,"column":4},"end":{"line":43,"column":null}}]},"1":{"loc":{"start":{"line":81,"column":2},"end":{"line":106,"column":null}},"type":"switch","locations":[{"start":{"line":82,"column":4},"end":{"line":83,"column":55}},{"start":{"line":84,"column":4},"end":{"line":89,"column":8}},{"start":{"line":90,"column":4},"end":{"line":91,"column":62}},{"start":{"line":92,"column":4},"end":{"line":97,"column":8}},{"start":{"line":98,"column":4},"end":{"line":103,"column":8}},{"start":{"line":104,"column":4},"end":{"line":105,"column":79}}]},"2":{"loc":{"start":{"line":124,"column":23},"end":{"line":124,"column":40}},"type":"default-arg","locations":[{"start":{"line":124,"column":35},"end":{"line":124,"column":40}}]},"3":{"loc":{"start":{"line":125,"column":4},"end":{"line":125,"column":61}},"type":"cond-expr","locations":[{"start":{"line":125,"column":16},"end":{"line":125,"column":29}},{"start":{"line":125,"column":32},"end":{"line":125,"column":61}}]},"4":{"loc":{"start":{"line":150,"column":29},"end":{"line":150,"column":72}},"type":"binary-expr","locations":[{"start":{"line":150,"column":29},"end":{"line":150,"column":57}},{"start":{"line":150,"column":61},"end":{"line":150,"column":72}}]}},"s":{"0":1,"1":1,"2":1,"3":1,"4":3,"5":1,"6":1,"7":3,"8":3,"9":1,"10":3,"11":2,"12":2,"13":2,"14":3,"15":3,"16":1,"17":1,"18":3,"19":3,"20":0,"21":0,"22":0,"23":0,"24":3,"25":0,"26":1,"27":4,"28":1,"29":1,"30":1,"31":0,"32":1,"33":1,"34":1,"35":1},"f":{"0":3,"1":3,"2":1,"3":2,"4":3,"5":4,"6":0},"b":{"0":[2],"1":[0,0,0,0,3,0],"2":[0],"3":[1,3],"4":[0,0]}}
,"C:\\Users\\Sunkanmi\\Desktop\\react_stuff\\minesweeper_game\\src\\components\\Scoreboard\\Counter.tsx": {"path":"C:\\Users\\Sunkanmi\\Desktop\\react_stuff\\minesweeper_game\\src\\components\\Scoreboard\\Counter.tsx","statementMap":{"0":{"start":{"line":2,"column":0},"end":{"line":2,"column":37}},"1":{"start":{"line":11,"column":41},"end":{"line":12,"column":null}},"2":{"start":{"line":12,"column":2},"end":{"line":12,"column":27}},"3":{"start":{"line":11,"column":13},"end":{"line":11,"column":41}},"4":{"start":{"line":15,"column":14},"end":{"line":24,"column":2}}},"fnMap":{"0":{"name":"(anonymous_0)","decl":{"start":{"line":11,"column":41},"end":{"line":11,"column":42}},"loc":{"start":{"line":12,"column":2},"end":{"line":12,"column":27}}}},"branchMap":{},"s":{"0":1,"1":1,"2":4,"3":1,"4":1},"f":{"0":4},"b":{}}
,"C:\\Users\\Sunkanmi\\Desktop\\react_stuff\\minesweeper_game\\src\\components\\Scoreboard\\Level.tsx": {"path":"C:\\Users\\Sunkanmi\\Desktop\\react_stuff\\minesweeper_game\\src\\components\\Scoreboard\\Level.tsx","statementMap":{"0":{"start":{"line":2,"column":0},"end":{"line":2,"column":37}},"1":{"start":{"line":15,"column":37},"end":{"line":22,"column":null}},"2":{"start":{"line":16,"column":2},"end":{"line":21,"column":null}},"3":{"start":{"line":18,"column":6},"end":{"line":18,"column":25}},"4":{"start":{"line":15,"column":13},"end":{"line":15,"column":37}},"5":{"start":{"line":25,"column":15},"end":{"line":32,"column":2}},"6":{"start":{"line":34,"column":15},"end":{"line":40,"column":2}}},"fnMap":{"0":{"name":"(anonymous_0)","decl":{"start":{"line":15,"column":37},"end":{"line":15,"column":38}},"loc":{"start":{"line":16,"column":2},"end":{"line":21,"column":null}}},"1":{"name":"(anonymous_1)","decl":{"start":{"line":17,"column":18},"end":{"line":17,"column":19}},"loc":{"start":{"line":18,"column":6},"end":{"line":18,"column":25}}}},"branchMap":{},"s":{"0":2,"1":2,"2":4,"3":12,"4":2,"5":2,"6":2},"f":{"0":4,"1":12},"b":{}}
,"C:\\Users\\Sunkanmi\\Desktop\\react_stuff\\minesweeper_game\\src\\components\\Scoreboard\\Reset.tsx": {"path":"C:\\Users\\Sunkanmi\\Desktop\\react_stuff\\minesweeper_game\\src\\components\\Scoreboard\\Reset.tsx","statementMap":{"0":{"start":{"line":2,"column":0},"end":{"line":2,"column":37}},"1":{"start":{"line":4,"column":0},"end":{"line":4,"column":56}},"2":{"start":{"line":13,"column":37},"end":{"line":26,"column":1}},"3":{"start":{"line":14,"column":46},"end":{"line":14,"column":60}},"4":{"start":{"line":16,"column":2},"end":{"line":25,"column":4}},"5":{"start":{"line":13,"column":13},"end":{"line":13,"column":37}},"6":{"start":{"line":28,"column":15},"end":{"line":37,"column":2}}},"fnMap":{"0":{"name":"(anonymous_0)","decl":{"start":{"line":13,"column":37},"end":{"line":13,"column":38}},"loc":{"start":{"line":13,"column":53},"end":{"line":26,"column":1}}}},"branchMap":{"0":{"loc":{"start":{"line":23,"column":7},"end":{"line":23,"column":30}},"type":"cond-expr","locations":[{"start":{"line":23,"column":19},"end":{"line":23,"column":23}},{"start":{"line":23,"column":26},"end":{"line":23,"column":30}}]}},"s":{"0":2,"1":2,"2":2,"3":10,"4":10,"5":2,"6":2},"f":{"0":10},"b":{"0":[2,8]}}
,"C:\\Users\\Sunkanmi\\Desktop\\react_stuff\\minesweeper_game\\src\\components\\Scoreboard\\Scoreboard.tsx": {"path":"C:\\Users\\Sunkanmi\\Desktop\\react_stuff\\minesweeper_game\\src\\components\\Scoreboard\\Scoreboard.tsx","statementMap":{"0":{"start":{"line":2,"column":0},"end":{"line":2,"column":37}},"1":{"start":{"line":4,"column":0},"end":{"line":4,"column":36}},"2":{"start":{"line":5,"column":0},"end":{"line":5,"column":32}},"3":{"start":{"line":6,"column":0},"end":{"line":6,"column":32}},"4":{"start":{"line":31,"column":47},"end":{"line":45,"column":null}},"5":{"start":{"line":38,"column":2},"end":{"line":44,"column":null}},"6":{"start":{"line":31,"column":13},"end":{"line":31,"column":47}},"7":{"start":{"line":48,"column":16},"end":{"line":52,"column":2}}},"fnMap":{"0":{"name":"(anonymous_0)","decl":{"start":{"line":31,"column":47},"end":{"line":31,"column":48}},"loc":{"start":{"line":38,"column":2},"end":{"line":44,"column":null}}}},"branchMap":{},"s":{"0":1,"1":1,"2":1,"3":1,"4":1,"5":2,"6":1,"7":1},"f":{"0":2},"b":{}}
,"C:\\Users\\Sunkanmi\\Desktop\\react_stuff\\minesweeper_game\\src\\helpers\\CellManipulator.ts": {"path":"C:\\Users\\Sunkanmi\\Desktop\\react_stuff\\minesweeper_game\\src\\helpers\\CellManipulator.ts","statementMap":{"0":{"start":{"line":3,"column":33},"end":{"line":15,"column":2}},"1":{"start":{"line":6,"column":6},"end":{"line":15,"column":2}},"2":{"start":{"line":3,"column":13},"end":{"line":3,"column":33}},"3":{"start":{"line":17,"column":32},"end":{"line":18,"column":54}},"4":{"start":{"line":18,"column":2},"end":{"line":18,"column":54}},"5":{"start":{"line":17,"column":13},"end":{"line":17,"column":32}},"6":{"start":{"line":20,"column":33},"end":{"line":34,"column":1}},"7":{"start":{"line":21,"column":18},"end":{"line":21,"column":43}},"8":{"start":{"line":23,"column":4},"end":{"line":31,"column":null}},"9":{"start":{"line":24,"column":6},"end":{"line":30,"column":null}},"10":{"start":{"line":25,"column":23},"end":{"line":25,"column":27}},"11":{"start":{"line":26,"column":21},"end":{"line":26,"column":32}},"12":{"start":{"line":27,"column":8},"end":{"line":29,"column":null}},"13":{"start":{"line":28,"column":10},"end":{"line":28,"column":43}},"14":{"start":{"line":33,"column":4},"end":{"line":33,"column":17}},"15":{"start":{"line":20,"column":13},"end":{"line":20,"column":33}}},"fnMap":{"0":{"name":"(anonymous_0)","decl":{"start":{"line":3,"column":33},"end":{"line":3,"column":34}},"loc":{"start":{"line":6,"column":6},"end":{"line":15,"column":2}}},"1":{"name":"(anonymous_1)","decl":{"start":{"line":17,"column":32},"end":{"line":17,"column":33}},"loc":{"start":{"line":18,"column":2},"end":{"line":18,"column":54}}},"2":{"name":"(anonymous_2)","decl":{"start":{"line":20,"column":33},"end":{"line":20,"column":34}},"loc":{"start":{"line":20,"column":73},"end":{"line":34,"column":1}}}},"branchMap":{"0":{"loc":{"start":{"line":18,"column":2},"end":{"line":18,"column":54}},"type":"binary-expr","locations":[{"start":{"line":18,"column":2},"end":{"line":18,"column":8}},{"start":{"line":18,"column":12},"end":{"line":18,"column":18}},{"start":{"line":18,"column":22},"end":{"line":18,"column":36}},{"start":{"line":18,"column":40},"end":{"line":18,"column":54}}]},"1":{"loc":{"start":{"line":24,"column":6},"end":{"line":30,"column":null}},"type":"if","locations":[{"start":{"line":24,"column":6},"end":{"line":30,"column":null}}]},"2":{"loc":{"start":{"line":27,"column":8},"end":{"line":29,"column":null}},"type":"if","locations":[{"start":{"line":27,"column":8},"end":{"line":29,"column":null}}]}},"s":{"0":3,"1":41,"2":3,"3":3,"4":319,"5":3,"6":3,"7":39,"8":39,"9":312,"10":229,"11":229,"12":229,"13":199,"14":39,"15":3},"f":{"0":41,"1":319,"2":39},"b":{"0":[319,285,265,243],"1":[229],"2":[199]}}
,"C:\\Users\\Sunkanmi\\Desktop\\react_stuff\\minesweeper_game\\src\\helpers\\Field.ts": {"path":"C:\\Users\\Sunkanmi\\Desktop\\react_stuff\\minesweeper_game\\src\\helpers\\Field.ts","statementMap":{"0":{"start":{"line":1,"column":0},"end":{"line":1,"column":54}},"1":{"start":{"line":7,"column":13},"end":{"line":13,"column":null}},"2":{"start":{"line":15,"column":35},"end":{"line":18,"column":78}},"3":{"start":{"line":18,"column":12},"end":{"line":18,"column":78}},"4":{"start":{"line":18,"column":50},"end":{"line":18,"column":77}},"5":{"start":{"line":15,"column":13},"end":{"line":15,"column":35}},"6":{"start":{"line":21,"column":30},"end":{"line":45,"column":1}},"7":{"start":{"line":22,"column":4},"end":{"line":24,"column":null}},"8":{"start":{"line":23,"column":8},"end":{"line":23,"column":null}},"9":{"start":{"line":26,"column":27},"end":{"line":26,"column":38}},"10":{"start":{"line":27,"column":25},"end":{"line":27,"column":55}},"11":{"start":{"line":29,"column":26},"end":{"line":29,"column":51}},"12":{"start":{"line":31,"column":4},"end":{"line":42,"column":null}},"13":{"start":{"line":31,"column":15},"end":{"line":31,"column":16}},"14":{"start":{"line":32,"column":8},"end":{"line":41,"column":null}},"15":{"start":{"line":32,"column":19},"end":{"line":32,"column":20}},"16":{"start":{"line":34,"column":12},"end":{"line":38,"column":null}},"17":{"start":{"line":35,"column":16},"end":{"line":35,"column":46}},"18":{"start":{"line":36,"column":16},"end":{"line":36,"column":null}},"19":{"start":{"line":37,"column":16},"end":{"line":37,"column":33}},"20":{"start":{"line":40,"column":12},"end":{"line":40,"column":31}},"21":{"start":{"line":44,"column":4},"end":{"line":44,"column":18}},"22":{"start":{"line":21,"column":13},"end":{"line":21,"column":30}}},"fnMap":{"0":{"name":"(anonymous_0)","decl":{"start":{"line":15,"column":35},"end":{"line":15,"column":null}},"loc":{"start":{"line":18,"column":12},"end":{"line":18,"column":78}}},"1":{"name":"(anonymous_1)","decl":{"start":{"line":18,"column":44},"end":{"line":18,"column":47}},"loc":{"start":{"line":18,"column":50},"end":{"line":18,"column":77}}},"2":{"name":"(anonymous_2)","decl":{"start":{"line":21,"column":30},"end":{"line":21,"column":31}},"loc":{"start":{"line":21,"column":75},"end":{"line":45,"column":1}}}},"branchMap":{"0":{"loc":{"start":{"line":17,"column":4},"end":{"line":17,"column":33}},"type":"default-arg","locations":[{"start":{"line":17,"column":18},"end":{"line":17,"column":33}}]},"1":{"loc":{"start":{"line":22,"column":4},"end":{"line":24,"column":null}},"type":"if","locations":[{"start":{"line":22,"column":4},"end":{"line":24,"column":null}}]},"2":{"loc":{"start":{"line":22,"column":8},"end":{"line":22,"column":42}},"type":"binary-expr","locations":[{"start":{"line":22,"column":8},"end":{"line":22,"column":23}},{"start":{"line":22,"column":27},"end":{"line":22,"column":42}}]},"3":{"loc":{"start":{"line":34,"column":12},"end":{"line":38,"column":null}},"type":"if","locations":[{"start":{"line":34,"column":12},"end":{"line":38,"column":null}}]}},"s":{"0":3,"1":3,"2":3,"3":9,"4":34,"5":3,"6":3,"7":8,"8":2,"9":6,"10":6,"11":6,"12":6,"13":6,"14":26,"15":26,"16":210,"17":32,"18":32,"19":32,"20":210,"21":6,"22":3},"f":{"0":9,"1":34,"2":8},"b":{"0":[8],"1":[2],"2":[8,7],"3":[32]}}
,"C:\\Users\\Sunkanmi\\Desktop\\react_stuff\\minesweeper_game\\src\\hooks\\useMouseDown.ts": {"path":"C:\\Users\\Sunkanmi\\Desktop\\react_stuff\\minesweeper_game\\src\\hooks\\useMouseDown.ts","statementMap":{"0":{"start":{"line":1,"column":0},"end":{"line":1,"column":48}},"1":{"start":{"line":6,"column":28},"end":{"line":22,"column":1}},"2":{"start":{"line":11,"column":36},"end":{"line":11,"column":51}},"3":{"start":{"line":13,"column":2},"end":{"line":16,"column":null}},"4":{"start":{"line":15,"column":13},"end":{"line":15,"column":49}},"5":{"start":{"line":18,"column":22},"end":{"line":18,"column":46}},"6":{"start":{"line":18,"column":28},"end":{"line":18,"column":46}},"7":{"start":{"line":19,"column":20},"end":{"line":19,"column":45}},"8":{"start":{"line":19,"column":26},"end":{"line":19,"column":45}},"9":{"start":{"line":21,"column":2},"end":{"line":21,"column":45}},"10":{"start":{"line":6,"column":13},"end":{"line":6,"column":28}}},"fnMap":{"0":{"name":"(anonymous_0)","decl":{"start":{"line":6,"column":28},"end":{"line":6,"column":null}},"loc":{"start":{"line":10,"column":4},"end":{"line":22,"column":1}}},"1":{"name":"(anonymous_1)","decl":{"start":{"line":15,"column":4},"end":{"line":15,"column":5}},"loc":{"start":{"line":15,"column":13},"end":{"line":15,"column":49}}},"2":{"name":"(anonymous_2)","decl":{"start":{"line":18,"column":22},"end":{"line":18,"column":25}},"loc":{"start":{"line":18,"column":28},"end":{"line":18,"column":46}}},"3":{"name":"(anonymous_3)","decl":{"start":{"line":19,"column":20},"end":{"line":19,"column":23}},"loc":{"start":{"line":19,"column":26},"end":{"line":19,"column":45}}}},"branchMap":{},"s":{"0":4,"1":4,"2":17,"3":17,"4":0,"5":17,"6":4,"7":17,"8":3,"9":17,"10":4},"f":{"0":17,"1":0,"2":4,"3":3},"b":{}}
}
