TN:
SF:src\components\Grid\Cell.tsx
FN:27,(anonymous_0)
FN:30,(anonymous_1)
FN:33,(anonymous_2)
FN:35,(anonymous_3)
FN:71,(anonymous_4)
FN:120,(anonymous_5)
FN:146,(anonymous_6)
FNF:7
FNH:6
FNDA:3,(anonymous_0)
FNDA:2,(anonymous_1)
FNDA:1,(anonymous_2)
FNDA:2,(anonymous_3)
FNDA:2,(anonymous_4)
FNDA:2,(anonymous_5)
FNDA:0,(anonymous_6)
DA:2,1
DA:3,1
DA:5,1
DA:27,1
DA:28,3
DA:30,1
DA:32,2
DA:33,2
DA:35,2
DA:39,2
DA:41,2
DA:42,2
DA:46,2
DA:56,2
DA:71,1
DA:73,2
DA:78,2
DA:80,0
DA:82,0
DA:88,0
DA:90,0
DA:96,2
DA:102,0
DA:110,1
DA:121,2
DA:127,1
DA:128,1
DA:143,1
DA:146,0
DA:151,1
DA:157,1
DA:160,1
DA:167,1
LF:33
LH:27
BRDA:41,0,0,2
BRDA:78,1,0,0
BRDA:78,1,1,0
BRDA:78,1,2,0
BRDA:78,1,3,0
BRDA:78,1,4,2
BRDA:78,1,5,0
BRDA:120,2,0,0
BRDA:121,3,0,0
BRDA:121,3,1,2
BRDA:146,4,0,0
BRDA:146,4,1,0
BRF:12
BRH:3
end_of_record
TN:
SF:src\components\Scoreboard\Reset.tsx
FN:13,(anonymous_0)
FNF:1
FNH:1
FNDA:8,(anonymous_0)
DA:2,1
DA:4,1
DA:13,1
DA:14,8
DA:16,8
DA:28,1
LF:6
LH:6
BRDA:23,0,0,2
BRDA:23,0,1,6
BRF:2
BRH:2
end_of_record
TN:
SF:src\helpers\CellManipulator.ts
FN:3,(anonymous_0)
FN:17,(anonymous_1)
FN:20,(anonymous_2)
FNF:3
FNH:3
FNDA:41,(anonymous_0)
FNDA:319,(anonymous_1)
FNDA:39,(anonymous_2)
DA:3,3
DA:6,41
DA:17,3
DA:18,319
DA:20,3
DA:21,39
DA:23,39
DA:24,312
DA:25,222
DA:26,222
DA:27,222
DA:28,194
DA:33,39
LF:13
LH:13
BRDA:18,0,0,319
BRDA:18,0,1,288
BRDA:18,0,2,266
BRDA:18,0,3,244
BRDA:24,1,0,222
BRDA:27,2,0,194
BRF:6
BRH:6
end_of_record
TN:
SF:src\helpers\Field.ts
FN:15,(anonymous_0)
FN:18,(anonymous_1)
FN:21,(anonymous_2)
FNF:3
FNH:3
FNDA:9,(anonymous_0)
FNDA:34,(anonymous_1)
FNDA:8,(anonymous_2)
DA:1,3
DA:7,3
DA:15,3
DA:18,34
DA:21,3
DA:22,8
DA:23,2
DA:26,6
DA:27,6
DA:29,6
DA:31,6
DA:32,17
DA:33,111
DA:34,3
DA:37,108
DA:38,32
DA:39,32
DA:40,32
DA:43,108
DA:47,3
LF:20
LH:20
BRDA:17,0,0,8
BRDA:22,1,0,2
BRDA:22,2,0,8
BRDA:22,2,1,7
BRDA:33,3,0,3
BRDA:37,4,0,32
BRF:6
BRH:6
end_of_record
TN:
SF:src\hooks\useMouseDown.ts
FN:6,(anonymous_0)
FN:15,(anonymous_1)
FN:18,(anonymous_2)
FN:19,(anonymous_3)
FNF:4
FNH:3
FNDA:14,(anonymous_0)
FNDA:0,(anonymous_1)
FNDA:4,(anonymous_2)
FNDA:3,(anonymous_3)
DA:1,3
DA:6,3
DA:11,14
DA:13,14
DA:15,0
DA:18,14
DA:19,14
DA:21,14
LF:8
LH:7
BRF:0
BRH:0
end_of_record
