TN:
SF:src\components\Game\GameOver.tsx
FN:11,(anonymous_0)
FNF:1
FNH:1
FNDA:2,(anonymous_0)
DA:2,1
DA:11,1
DA:12,2
DA:24,1
LF:4
LH:4
BRDA:13,0,0,1
BRDA:13,0,1,1
BRF:2
BRH:2
end_of_record
TN:
SF:src\components\Grid\Cell.tsx
FN:27,(anonymous_0)
FN:30,(anonymous_1)
FN:33,(anonymous_2)
FN:35,(anonymous_3)
FN:73,(anonymous_4)
FN:124,(anonymous_5)
FN:150,(anonymous_6)
FNF:7
FNH:6
FNDA:3,(anonymous_0)
FNDA:3,(anonymous_1)
FNDA:1,(anonymous_2)
FNDA:2,(anonymous_3)
FNDA:3,(anonymous_4)
FNDA:4,(anonymous_5)
FNDA:0,(anonymous_6)
DA:2,1
DA:3,1
DA:5,1
DA:27,1
DA:28,3
DA:30,1
DA:32,3
DA:33,3
DA:35,3
DA:39,2
DA:41,2
DA:42,2
DA:46,3
DA:57,3
DA:73,1
DA:75,3
DA:81,3
DA:83,0
DA:85,0
DA:91,0
DA:93,0
DA:99,3
DA:105,0
DA:113,1
DA:125,4
DA:131,1
DA:132,1
DA:147,1
DA:150,0
DA:155,1
DA:161,1
DA:164,1
DA:172,1
LF:33
LH:27
BRDA:41,0,0,2
BRDA:81,1,0,0
BRDA:81,1,1,0
BRDA:81,1,2,0
BRDA:81,1,3,0
BRDA:81,1,4,3
BRDA:81,1,5,0
BRDA:124,2,0,0
BRDA:125,3,0,1
BRDA:125,3,1,3
BRDA:150,4,0,0
BRDA:150,4,1,0
BRF:12
BRH:4
end_of_record
TN:
SF:src\components\Scoreboard\Counter.tsx
FN:11,(anonymous_0)
FNF:1
FNH:1
FNDA:4,(anonymous_0)
DA:2,1
DA:11,1
DA:12,4
DA:15,1
LF:4
LH:4
BRF:0
BRH:0
end_of_record
TN:
SF:src\components\Scoreboard\Level.tsx
FN:15,(anonymous_0)
FN:17,(anonymous_1)
FNF:2
FNH:2
FNDA:4,(anonymous_0)
FNDA:12,(anonymous_1)
DA:2,2
DA:15,2
DA:16,4
DA:18,12
DA:25,2
DA:34,2
LF:6
LH:6
BRF:0
BRH:0
end_of_record
TN:
SF:src\components\Scoreboard\Reset.tsx
FN:13,(anonymous_0)
FNF:1
FNH:1
FNDA:10,(anonymous_0)
DA:2,2
DA:4,2
DA:13,2
DA:14,10
DA:16,10
DA:28,2
LF:6
LH:6
BRDA:23,0,0,2
BRDA:23,0,1,8
BRF:2
BRH:2
end_of_record
TN:
SF:src\components\Scoreboard\Scoreboard.tsx
FN:31,(anonymous_0)
FNF:1
FNH:1
FNDA:2,(anonymous_0)
DA:2,1
DA:4,1
DA:5,1
DA:6,1
DA:31,1
DA:38,2
DA:48,1
LF:7
LH:7
BRF:0
BRH:0
end_of_record
TN:
SF:src\helpers\CellManipulator.ts
FN:3,(anonymous_0)
FN:17,(anonymous_1)
FN:20,(anonymous_2)
FNF:3
FNH:3
FNDA:41,(anonymous_0)
FNDA:319,(anonymous_1)
FNDA:39,(anonymous_2)
DA:3,3
DA:6,41
DA:17,3
DA:18,319
DA:20,3
DA:21,39
DA:23,39
DA:24,312
DA:25,229
DA:26,229
DA:27,229
DA:28,199
DA:33,39
LF:13
LH:13
BRDA:18,0,0,319
BRDA:18,0,1,285
BRDA:18,0,2,265
BRDA:18,0,3,243
BRDA:24,1,0,229
BRDA:27,2,0,199
BRF:6
BRH:6
end_of_record
TN:
SF:src\helpers\Field.ts
FN:15,(anonymous_0)
FN:18,(anonymous_1)
FN:21,(anonymous_2)
FNF:3
FNH:3
FNDA:9,(anonymous_0)
FNDA:34,(anonymous_1)
FNDA:8,(anonymous_2)
DA:1,3
DA:7,3
DA:15,3
DA:18,34
DA:21,3
DA:22,8
DA:23,2
DA:26,6
DA:27,6
DA:29,6
DA:31,6
DA:32,26
DA:34,210
DA:35,32
DA:36,32
DA:37,32
DA:40,210
DA:44,6
LF:18
LH:18
BRDA:17,0,0,8
BRDA:22,1,0,2
BRDA:22,2,0,8
BRDA:22,2,1,7
BRDA:34,3,0,32
BRF:5
BRH:5
end_of_record
TN:
SF:src\hooks\useMouseDown.ts
FN:6,(anonymous_0)
FN:15,(anonymous_1)
FN:18,(anonymous_2)
FN:19,(anonymous_3)
FNF:4
FNH:3
FNDA:17,(anonymous_0)
FNDA:0,(anonymous_1)
FNDA:4,(anonymous_2)
FNDA:3,(anonymous_3)
DA:1,4
DA:6,4
DA:11,17
DA:13,17
DA:15,0
DA:18,17
DA:19,17
DA:21,17
LF:8
LH:7
BRF:0
BRH:0
end_of_record
